
CONNECTION ACQUIRED
connection acquired at: 2024-07-22 22:27:57
monitoring started at: 2024-07-22 22:27:57

CONNECTION ACQUIRED
connection acquired at: 2024-07-22 22:38:46
monitoring started at: 2024-07-22 22:38:46

CONNECTION ACQUIRED
connection acquired at: 2024-07-22 22:39:08
monitoring started at: 2024-07-22 22:39:08

CONNECTION ACQUIRED
connection acquired at: 2024-07-22 22:42:43
monitoring started at: 2024-07-22 22:42:43

CONNECTION ACQUIRED
connection acquired at: 2024-07-22 22:44:17
monitoring started at: 2024-07-22 22:44:17

CONNECTION ACQUIRED
connection acquired at: 2024-07-22 22:45:40
monitoring started at: 2024-07-22 22:45:40

CONNECTION ACQUIRED
connection acquired at: 2024-07-22 22:50:57
monitoring started at: 2024-07-22 22:50:57

CONNECTION ACQUIRED
connection acquired at: 2024-07-22 22:53:56
monitoring started at: 2024-07-22 22:53:56

CONNECTION ACQUIRED
connection acquired at: 2024-07-22 22:54:12
monitoring started at: 2024-07-22 22:54:12

CONNECTION ACQUIRED
connection acquired at: 2024-07-22 22:55:07
monitoring started at: 2024-07-22 22:55:07

CONNECTION ACQUIRED
connection acquired at: 2024-07-22 23:02:36
monitoring started at: 2024-07-22 23:02:36

CONNECTION ACQUIRED
connection acquired at: 2024-07-22 23:35:28
monitoring started at: 2024-07-22 23:35:28
disconnected at: 2024-07-22 23:37:23
connected again: 2024-07-23 08:37:16
connection was unavailable for: 8:59:52

CONNECTION ACQUIRED
connection acquired at: 2024-07-23 12:15:17
monitoring started at: 2024-07-23 12:15:17

CONNECTION ACQUIRED
connection acquired at: 2024-07-23 12:18:41
monitoring started at: 2024-07-23 12:18:41

CONNECTION ACQUIRED
connection acquired at: 2024-07-23 12:19:19
monitoring started at: 2024-07-23 12:19:19

CONNECTION ACQUIRED
connection acquired at: 2024-07-23 12:20:32
monitoring started at: 2024-07-23 12:20:32

CONNECTION ACQUIRED
connection acquired at: 2024-07-23 13:30:56
monitoring started at: 2024-07-23 13:30:56

CONNECTION ACQUIRED
connection acquired at: 2024-07-23 13:32:32
monitoring started at: 2024-07-23 13:32:31

CONNECTION ACQUIRED
connection acquired at: 2024-07-23 13:35:31
monitoring started at: 2024-07-23 13:35:30

CONNECTION ACQUIRED
connection acquired at: 2024-07-23 13:37:17
monitoring started at: 2024-07-23 13:37:17

CONNECTION ACQUIRED
connection acquired at: 2024-07-23 13:37:23
monitoring started at: 2024-07-23 13:37:23

CONNECTION ACQUIRED
connection acquired at: 2024-07-23 13:38:31
monitoring started at: 2024-07-23 13:38:31

CONNECTION ACQUIRED
connection acquired at: 2024-07-23 13:38:46
monitoring started at: 2024-07-23 13:38:46
disconnected at: 2024-07-23 13:39:32
disconnected at: 2024-07-23 13:39:32
connected again: 2024-07-23 13:39:47
connection was unavailable for: 0:00:15
connected again: 2024-07-23 13:39:47
connection was unavailable for: 0:00:15
disconnected at: 2024-07-23 14:16:13
disconnected at: 2024-07-23 14:16:14
connected again: 2024-07-23 14:16:19
connection was unavailable for: 0:00:05
connected again: 2024-07-23 14:16:19
connection was unavailable for: 0:00:06
disconnected at: 2024-07-23 14:38:21
disconnected at: 2024-07-23 14:38:21
connected again: 2024-07-23 14:38:27
connection was unavailable for: 0:00:06
connected again: 2024-07-23 14:38:27
connection was unavailable for: 0:00:06
disconnected at: 2024-07-23 14:39:14
disconnected at: 2024-07-23 14:39:14

CONNECTION NOT ACQUIRED

monitoring started at: 2024-07-23 14:39:26
connected again: 2024-07-23 14:39:27
connection was unavailable for: 0:00:13
connected again: 2024-07-23 14:39:27
connection was unavailable for: 0:00:13
disconnected at: 2024-07-23 14:58:24
disconnected at: 2024-07-23 14:58:28
disconnected at: 2024-07-23 14:58:28
connected again: 2024-07-23 14:58:35
connection was unavailable for: 0:00:07
connected again: 2024-07-23 14:58:35
connection was unavailable for: 0:00:11
connected again: 2024-07-23 14:58:36
connection was unavailable for: 0:00:08
disconnected at: 2024-07-23 14:59:09
disconnected at: 2024-07-23 14:59:10
disconnected at: 2024-07-23 14:59:10
connected again: 2024-07-23 14:59:13
connection was unavailable for: 0:00:04
connected again: 2024-07-23 14:59:14
connection was unavailable for: 0:00:04
connected again: 2024-07-23 14:59:14
connection was unavailable for: 0:00:04

CONNECTION ACQUIRED
connection acquired at: 2024-07-23 15:02:24
monitoring started at: 2024-07-23 15:02:24

CONNECTION ACQUIRED
connection acquired at: 2024-07-23 15:02:33
monitoring started at: 2024-07-23 15:02:32

CONNECTION ACQUIRED
connection acquired at: 2024-07-23 15:03:01
monitoring started at: 2024-07-23 15:03:01

CONNECTION ACQUIRED
connection acquired at: 2024-07-23 15:04:47
monitoring started at: 2024-07-23 15:04:46

CONNECTION ACQUIRED
connection acquired at: 2024-07-23 15:04:51
monitoring started at: 2024-07-23 15:04:50

CONNECTION ACQUIRED
connection acquired at: 2024-07-23 15:05:09
monitoring started at: 2024-07-23 15:05:08

CONNECTION ACQUIRED
connection acquired at: 2024-07-23 15:06:43
monitoring started at: 2024-07-23 15:06:43

CONNECTION ACQUIRED
connection acquired at: 2024-07-23 15:06:47
monitoring started at: 2024-07-23 15:06:47

CONNECTION ACQUIRED
connection acquired at: 2024-07-23 15:08:27
monitoring started at: 2024-07-23 15:08:27

CONNECTION ACQUIRED
connection acquired at: 2024-07-23 15:08:36
monitoring started at: 2024-07-23 15:08:36

CONNECTION ACQUIRED
connection acquired at: 2024-07-23 15:14:35
monitoring started at: 2024-07-23 15:14:35

CONNECTION ACQUIRED
connection acquired at: 2024-07-23 15:14:59
monitoring started at: 2024-07-23 15:14:59

CONNECTION ACQUIRED
connection acquired at: 2024-07-23 15:16:00
monitoring started at: 2024-07-23 15:16:00

CONNECTION ACQUIRED
connection acquired at: 2024-07-23 15:16:08
monitoring started at: 2024-07-23 15:16:08

CONNECTION ACQUIRED
connection acquired at: 2024-07-23 15:16:48
monitoring started at: 2024-07-23 15:16:48

CONNECTION ACQUIRED
connection acquired at: 2024-07-23 15:16:48
monitoring started at: 2024-07-23 15:16:48

CONNECTION ACQUIRED
connection acquired at: 2024-07-23 15:17:03
monitoring started at: 2024-07-23 15:17:03

CONNECTION ACQUIRED
connection acquired at: 2024-07-23 15:17:04
monitoring started at: 2024-07-23 15:17:03

CONNECTION ACQUIRED
connection acquired at: 2024-07-23 15:17:04
monitoring started at: 2024-07-23 15:17:04

CONNECTION ACQUIRED
connection acquired at: 2024-07-23 15:17:04
monitoring started at: 2024-07-23 15:17:04

CONNECTION ACQUIRED
connection acquired at: 2024-07-23 15:17:04
monitoring started at: 2024-07-23 15:17:04

CONNECTION ACQUIRED
connection acquired at: 2024-07-23 15:17:04
monitoring started at: 2024-07-23 15:17:04

CONNECTION ACQUIRED
connection acquired at: 2024-07-23 15:17:04
monitoring started at: 2024-07-23 15:17:04

CONNECTION ACQUIRED
connection acquired at: 2024-07-23 15:17:05
monitoring started at: 2024-07-23 15:17:05

CONNECTION ACQUIRED
connection acquired at: 2024-07-23 15:17:05
monitoring started at: 2024-07-23 15:17:05

CONNECTION ACQUIRED
connection acquired at: 2024-07-23 15:17:06
monitoring started at: 2024-07-23 15:17:05

CONNECTION ACQUIRED
connection acquired at: 2024-07-23 15:17:06
monitoring started at: 2024-07-23 15:17:06

CONNECTION ACQUIRED
connection acquired at: 2024-07-23 15:20:54
monitoring started at: 2024-07-23 15:20:53

CONNECTION ACQUIRED
connection acquired at: 2024-07-23 15:21:01
monitoring started at: 2024-07-23 15:21:01

CONNECTION ACQUIRED
connection acquired at: 2024-07-23 15:21:02
monitoring started at: 2024-07-23 15:21:02

CONNECTION ACQUIRED
connection acquired at: 2024-07-23 15:21:02
monitoring started at: 2024-07-23 15:21:02

CONNECTION ACQUIRED
connection acquired at: 2024-07-23 15:21:05
monitoring started at: 2024-07-23 15:21:05
disconnected at: 2024-07-23 15:41:47
disconnected at: 2024-07-23 15:41:49
disconnected at: 2024-07-23 15:41:49
disconnected at: 2024-07-23 15:41:49
disconnected at: 2024-07-23 15:41:50

CONNECTION ACQUIRED
connection acquired at: 2024-07-23 16:24:59
monitoring started at: 2024-07-23 16:24:59

CONNECTION ACQUIRED
connection acquired at: 2024-07-23 16:53:37
monitoring started at: 2024-07-23 16:53:36
disconnected at: 2024-07-23 19:08:46
connected again: 2024-07-24 08:38:06
connection was unavailable for: 13:29:19
connected again: 2024-07-24 08:38:06
connection was unavailable for: 13:29:19
disconnected at: 2024-07-24 08:40:08
connected again: 2024-07-24 08:40:14
connection was unavailable for: 0:00:06
connected again: 2024-07-24 08:40:14
connection was unavailable for: 0:00:06

CONNECTION ACQUIRED
connection acquired at: 2024-07-24 08:41:34
monitoring started at: 2024-07-24 08:41:34

CONNECTION ACQUIRED
connection acquired at: 2024-07-24 08:49:20
monitoring started at: 2024-07-24 08:49:19

CONNECTION ACQUIRED
connection acquired at: 2024-07-24 08:49:20
monitoring started at: 2024-07-24 08:49:20

CONNECTION ACQUIRED
connection acquired at: 2024-07-24 09:10:16
monitoring started at: 2024-07-24 09:10:16
